<?xml version="1.0" encoding="UTF-8"?>
<!-- Generated by org.testng.reporters.JUnitXMLReporter -->
<testsuite hostname="LAPTOP-NSQ9SMM0" ignored="0" name="Test1" tests="1" failures="1" timestamp="2020-02-21T13:22:55 CST" time="22.836" errors="0">
  <testcase name="TC_emailCheck" time="10.553" classname="com.yourLogo.testCases.checkEmailRegistration">
    <failure type="java.lang.AssertionError" message="No error message is displayed">
      <![CDATA[java.lang.AssertionError: No error message is displayed
at com.yourLogo.testCases.checkEmailRegistration.TC_emailCheck(checkEmailRegistration.java:52)
at java.util.ArrayList.forEach(ArrayList.java:1257)
... Removed 32 stack frames]]>
    </failure>
  </testcase> <!-- TC_emailCheck -->
</testsuite> <!-- Test1 -->
