<?xml version="1.0" encoding="UTF-8"?>
<!-- Generated by org.testng.reporters.JUnitXMLReporter -->
<testsuite hostname="LAPTOP-NSQ9SMM0" ignored="0" name="Test2" tests="1" failures="1" timestamp="2020-02-21T13:23:12 CST" time="16.895" errors="0">
  <testcase name="TC_newUserCreation" time="5.305" classname="com.yourLogo.testCases.checkNewUserCreation">
    <failure type="java.lang.AssertionError" message="User account creation page is not displayed">
      <![CDATA[java.lang.AssertionError: User account creation page is not displayed
at com.yourLogo.testCases.checkNewUserCreation.TC_newUserCreation(checkNewUserCreation.java:54)
at java.util.ArrayList.forEach(ArrayList.java:1257)
... Removed 32 stack frames]]>
    </failure>
  </testcase> <!-- TC_newUserCreation -->
</testsuite> <!-- Test2 -->
