<?xml version="1.0" encoding="UTF-8"?>
<testng-results skipped="0" failed="2" ignored="0" total="2" passed="0">
  <reporter-output>
  </reporter-output>
  <suite name="Suite" duration-ms="39761" started-at="2020-02-21T13:22:32 CST" finished-at="2020-02-21T13:23:12 CST">
    <groups>
    </groups>
    <test name="Test1" duration-ms="22836" started-at="2020-02-21T13:22:32 CST" finished-at="2020-02-21T13:22:55 CST">
      <class name="com.yourLogo.testCases.checkEmailRegistration">
        <test-method status="PASS" signature="TC_ApplicationLaunch()[pri:0, instance:com.yourLogo.testCases.checkEmailRegistration@229f66ed]" name="TC_ApplicationLaunch" is-config="true" duration-ms="12105" started-at="2020-02-21T13:22:32 CST" finished-at="2020-02-21T13:22:44 CST">
          <reporter-output>
          </reporter-output>
        </test-method> <!-- TC_ApplicationLaunch -->
        <test-method status="FAIL" signature="TC_emailCheck()[pri:1, instance:com.yourLogo.testCases.checkEmailRegistration@229f66ed]" name="TC_emailCheck" duration-ms="10553" started-at="2020-02-21T13:22:44 CST" finished-at="2020-02-21T13:22:55 CST">
          <exception class="java.lang.AssertionError">
            <message>
              <![CDATA[No error message is displayed]]>
            </message>
            <full-stacktrace>
              <![CDATA[java.lang.AssertionError: No error message is displayed
at org.testng.Assert.fail(Assert.java:97)
at com.yourLogo.testCases.checkEmailRegistration.TC_emailCheck(checkEmailRegistration.java:52)
at sun.reflect.NativeMethodAccessorImpl.invoke0(Native Method)
at sun.reflect.NativeMethodAccessorImpl.invoke(NativeMethodAccessorImpl.java:62)
at sun.reflect.DelegatingMethodAccessorImpl.invoke(DelegatingMethodAccessorImpl.java:43)
at java.lang.reflect.Method.invoke(Method.java:498)
at org.testng.internal.MethodInvocationHelper.invokeMethod(MethodInvocationHelper.java:134)
at org.testng.internal.TestInvoker.invokeMethod(TestInvoker.java:597)
at org.testng.internal.TestInvoker.invokeTestMethod(TestInvoker.java:173)
at org.testng.internal.MethodRunner.runInSequence(MethodRunner.java:46)
at org.testng.internal.TestInvoker$MethodInvocationAgent.invoke(TestInvoker.java:816)
at org.testng.internal.TestInvoker.invokeTestMethods(TestInvoker.java:146)
at org.testng.internal.TestMethodWorker.invokeTestMethods(TestMethodWorker.java:146)
at org.testng.internal.TestMethodWorker.run(TestMethodWorker.java:128)
at java.util.ArrayList.forEach(ArrayList.java:1257)
at org.testng.TestRunner.privateRun(TestRunner.java:766)
at org.testng.TestRunner.run(TestRunner.java:587)
at org.testng.SuiteRunner.runTest(SuiteRunner.java:384)
at org.testng.SuiteRunner.runSequentially(SuiteRunner.java:378)
at org.testng.SuiteRunner.privateRun(SuiteRunner.java:337)
at org.testng.SuiteRunner.run(SuiteRunner.java:286)
at org.testng.SuiteRunnerWorker.runSuite(SuiteRunnerWorker.java:53)
at org.testng.SuiteRunnerWorker.run(SuiteRunnerWorker.java:96)
at org.testng.TestNG.runSuitesSequentially(TestNG.java:1187)
at org.testng.TestNG.runSuitesLocally(TestNG.java:1109)
at org.testng.TestNG.runSuites(TestNG.java:1039)
at org.testng.TestNG.run(TestNG.java:1007)
at org.apache.maven.surefire.testng.TestNGExecutor.run(TestNGExecutor.java:283)
at org.apache.maven.surefire.testng.TestNGXmlTestSuite.execute(TestNGXmlTestSuite.java:75)
at org.apache.maven.surefire.testng.TestNGProvider.invoke(TestNGProvider.java:120)
at org.apache.maven.surefire.booter.ForkedBooter.runSuitesInProcess(ForkedBooter.java:377)
at org.apache.maven.surefire.booter.ForkedBooter.execute(ForkedBooter.java:138)
at org.apache.maven.surefire.booter.ForkedBooter.run(ForkedBooter.java:465)
at org.apache.maven.surefire.booter.ForkedBooter.main(ForkedBooter.java:451)
]]>
            </full-stacktrace>
          </exception> <!-- java.lang.AssertionError -->
          <reporter-output>
          </reporter-output>
        </test-method> <!-- TC_emailCheck -->
        <test-method status="PASS" signature="tearDown()[pri:0, instance:com.yourLogo.testCases.checkEmailRegistration@229f66ed]" name="tearDown" is-config="true" duration-ms="112" started-at="2020-02-21T13:22:55 CST" finished-at="2020-02-21T13:22:55 CST">
          <reporter-output>
          </reporter-output>
        </test-method> <!-- tearDown -->
      </class> <!-- com.yourLogo.testCases.checkEmailRegistration -->
    </test> <!-- Test1 -->
    <test name="Test2" duration-ms="16895" started-at="2020-02-21T13:22:55 CST" finished-at="2020-02-21T13:23:12 CST">
      <class name="com.yourLogo.testCases.checkNewUserCreation">
        <test-method status="PASS" signature="TC_ApplicationLaunch()[pri:0, instance:com.yourLogo.testCases.checkNewUserCreation@3d285d7e]" name="TC_ApplicationLaunch" is-config="true" duration-ms="11486" started-at="2020-02-21T13:22:55 CST" finished-at="2020-02-21T13:23:06 CST">
          <reporter-output>
          </reporter-output>
        </test-method> <!-- TC_ApplicationLaunch -->
        <test-method status="FAIL" signature="TC_newUserCreation()[pri:2, instance:com.yourLogo.testCases.checkNewUserCreation@3d285d7e]" name="TC_newUserCreation" duration-ms="5305" started-at="2020-02-21T13:23:06 CST" finished-at="2020-02-21T13:23:12 CST">
          <exception class="java.lang.AssertionError">
            <message>
              <![CDATA[User account creation page is not displayed]]>
            </message>
            <full-stacktrace>
              <![CDATA[java.lang.AssertionError: User account creation page is not displayed
at org.testng.Assert.fail(Assert.java:97)
at com.yourLogo.testCases.checkNewUserCreation.TC_newUserCreation(checkNewUserCreation.java:54)
at sun.reflect.NativeMethodAccessorImpl.invoke0(Native Method)
at sun.reflect.NativeMethodAccessorImpl.invoke(NativeMethodAccessorImpl.java:62)
at sun.reflect.DelegatingMethodAccessorImpl.invoke(DelegatingMethodAccessorImpl.java:43)
at java.lang.reflect.Method.invoke(Method.java:498)
at org.testng.internal.MethodInvocationHelper.invokeMethod(MethodInvocationHelper.java:134)
at org.testng.internal.TestInvoker.invokeMethod(TestInvoker.java:597)
at org.testng.internal.TestInvoker.invokeTestMethod(TestInvoker.java:173)
at org.testng.internal.MethodRunner.runInSequence(MethodRunner.java:46)
at org.testng.internal.TestInvoker$MethodInvocationAgent.invoke(TestInvoker.java:816)
at org.testng.internal.TestInvoker.invokeTestMethods(TestInvoker.java:146)
at org.testng.internal.TestMethodWorker.invokeTestMethods(TestMethodWorker.java:146)
at org.testng.internal.TestMethodWorker.run(TestMethodWorker.java:128)
at java.util.ArrayList.forEach(ArrayList.java:1257)
at org.testng.TestRunner.privateRun(TestRunner.java:766)
at org.testng.TestRunner.run(TestRunner.java:587)
at org.testng.SuiteRunner.runTest(SuiteRunner.java:384)
at org.testng.SuiteRunner.runSequentially(SuiteRunner.java:378)
at org.testng.SuiteRunner.privateRun(SuiteRunner.java:337)
at org.testng.SuiteRunner.run(SuiteRunner.java:286)
at org.testng.SuiteRunnerWorker.runSuite(SuiteRunnerWorker.java:53)
at org.testng.SuiteRunnerWorker.run(SuiteRunnerWorker.java:96)
at org.testng.TestNG.runSuitesSequentially(TestNG.java:1187)
at org.testng.TestNG.runSuitesLocally(TestNG.java:1109)
at org.testng.TestNG.runSuites(TestNG.java:1039)
at org.testng.TestNG.run(TestNG.java:1007)
at org.apache.maven.surefire.testng.TestNGExecutor.run(TestNGExecutor.java:283)
at org.apache.maven.surefire.testng.TestNGXmlTestSuite.execute(TestNGXmlTestSuite.java:75)
at org.apache.maven.surefire.testng.TestNGProvider.invoke(TestNGProvider.java:120)
at org.apache.maven.surefire.booter.ForkedBooter.runSuitesInProcess(ForkedBooter.java:377)
at org.apache.maven.surefire.booter.ForkedBooter.execute(ForkedBooter.java:138)
at org.apache.maven.surefire.booter.ForkedBooter.run(ForkedBooter.java:465)
at org.apache.maven.surefire.booter.ForkedBooter.main(ForkedBooter.java:451)
]]>
            </full-stacktrace>
          </exception> <!-- java.lang.AssertionError -->
          <reporter-output>
          </reporter-output>
        </test-method> <!-- TC_newUserCreation -->
        <test-method status="PASS" signature="tearDown()[pri:0, instance:com.yourLogo.testCases.checkNewUserCreation@3d285d7e]" name="tearDown" is-config="true" duration-ms="103" started-at="2020-02-21T13:23:12 CST" finished-at="2020-02-21T13:23:12 CST">
          <reporter-output>
          </reporter-output>
        </test-method> <!-- tearDown -->
      </class> <!-- com.yourLogo.testCases.checkNewUserCreation -->
    </test> <!-- Test2 -->
  </suite> <!-- Suite -->
</testng-results>
